20181128165719	 [I] S_LvUserInfo DB Load...
20181128165719	[W] Number of S_LvUserInfo record is NOT equal to MAX_LEVEL.
20181128165719	 [I] S_LvMonInfo DB Load...
20181128165719	 [I] S_HERO DB Load...
20181128165719	 [I] S_NPC DB Load...
20181128165719	 [I] S_MONSTER DB Load...
20181128165719	 [I] S_MOB DB Load...
20181128165719	 [I] S_MOBITEM DB Load...
20181128165719	 [I] s_SkillProperty  DB Load...
20181128165719	 [I] s_SkillData  DB Load...
20181128165719	 [I] S_ITEM DB Load...
20181128165719	 [I] s_ItemEffectiveData DB Load...
20181128165719	 [I] S_Item_Create_List ITEM DB Load...
20181128165719	 [I] s_Itempoweradd DB Load...
20181128165719	 [I] S_NPC_SALE ITEM DB Load...
20181128165719	 [I] S_NPC_SALE GAMBLING DB Load...
20181128165719	 [I] S_MIX DB Load...
20181128165719	 [I] S_ZONE DB Load...
20181128165719	 [I] S_GATE DB Load...
20181128165719	 [I] S_ITEM_RANK_INFO DB Load...
20181128165719	 [I] S_ITEM_TYPE_INFO DB Load...
20181128165719	 [I] S_OPT_INFO DB Load...
20181128165719	 [I] S_OPT_LV_INFO DB Load...
20181128165719	 [I] S_LOOT_TYPE_INFO DB Load...
20181128165719	 [I] S_LOOT_RANK_INFO DB Load...
20181128165719	 [I] s_MixSkill DB Load...
20181128165719	 [I] Connect to GAMEDB Successfully...
