[-1213736576][20190114102149] [I] Connect to GAMEDB Successfully...
[-1213736576][20190114102149] [I] s_item DB Load...
[-1213740224][20190114102149] [E] Fail to Query 
        Sql : insert into LogHistory values('192.168.1.235',21286,'20190114102149/ObjectLog_20190114102149.log',1, 1,FROM_UNIXTIME(1547468509),0,0) 
         Error : Incorrect datetime value: '0' for column 'EndTime' at row 1 
[-1213740224][20190114102149][LE] Log Query Error insert into LogHistory values('192.168.1.235',21286,'20190114102149/ObjectLog_20190114102149.log',1, 1,FROM_UNIXTIME(1547468509),0,0)
[-1213740224][20190114102149] [E] Fail to Query 
        Sql : repalce into LogHistory set Status=0 where Filename='20190114102149/ObjectLog_20190114102149.log' and IP = '192.168.1.235' and Port = 21286  
         Error : You have an error in your SQL syntax; check the manual that corresponds to your MySQL server version for the right syntax to use near 'repalce into LogHistory set Status=0 where Filename='20190114102149/ObjectLog_20' at line 1 
[-1213740224][20190114102149][LE] Log Error Query Error repalce into LogHistory set Status=0 where Filename='20190114102149/ObjectLog_20190114102149.log' and IP = '192.168.1.235' and Port = 21286 
[-1213740224][20190114102149] [E] Fail to Query 
        Sql : insert into LogHistory values('192.168.1.235',21286,'20190114102149/ObjectSubLog_20190114102149.log',2, 1,FROM_UNIXTIME(1547468509),0,0) 
         Error : Incorrect datetime value: '0' for column 'EndTime' at row 1 
[-1213740224][20190114102149][LE] Log Query Error insert into LogHistory values('192.168.1.235',21286,'20190114102149/ObjectSubLog_20190114102149.log',2, 1,FROM_UNIXTIME(1547468509),0,0)
[-1213740224][20190114102149] [E] Fail to Query 
        Sql : repalce into LogHistory set Status=0 where Filename='20190114102149/ObjectSubLog_20190114102149.log' and IP = '192.168.1.235' and Port = 21286  
         Error : You have an error in your SQL syntax; check the manual that corresponds to your MySQL server version for the right syntax to use near 'repalce into LogHistory set Status=0 where Filename='20190114102149/ObjectSubLog' at line 1 
[-1213740224][20190114102149][LE] Log Error Query Error repalce into LogHistory set Status=0 where Filename='20190114102149/ObjectSubLog_20190114102149.log' and IP = '192.168.1.235' and Port = 21286 
[-1213740224][20190114102149] [E] Fail to Query 
        Sql : insert into LogHistory values('192.168.1.235',21286,'20190114102149/MovementLog_20190114102149.log',3, 1,FROM_UNIXTIME(1547468509),0,0) 
         Error : Incorrect datetime value: '0' for column 'EndTime' at row 1 
[-1213740224][20190114102149][LE] Log Query Error insert into LogHistory values('192.168.1.235',21286,'20190114102149/MovementLog_20190114102149.log',3, 1,FROM_UNIXTIME(1547468509),0,0)
[-1213740224][20190114102149] [E] Fail to Query 
        Sql : repalce into LogHistory set Status=0 where Filename='20190114102149/MovementLog_20190114102149.log' and IP = '192.168.1.235' and Port = 21286  
         Error : You have an error in your SQL syntax; check the manual that corresponds to your MySQL server version for the right syntax to use near 'repalce into LogHistory set Status=0 where Filename='20190114102149/MovementLog_' at line 1 
[-1213740224][20190114102149][LE] Log Error Query Error repalce into LogHistory set Status=0 where Filename='20190114102149/MovementLog_20190114102149.log' and IP = '192.168.1.235' and Port = 21286 
[-1213740224][20190114102149] [E] Fail to Query 
        Sql : insert into LogHistory values('192.168.1.235',21286,'20190114102149/MovementSubLog_20190114102149.log',4, 1,FROM_UNIXTIME(1547468509),0,0) 
         Error : Incorrect datetime value: '0' for column 'EndTime' at row 1 
[-1213740224][20190114102149][LE] Log Query Error insert into LogHistory values('192.168.1.235',21286,'20190114102149/MovementSubLog_20190114102149.log',4, 1,FROM_UNIXTIME(1547468509),0,0)
[-1213740224][20190114102149] [E] Fail to Query 
        Sql : repalce into LogHistory set Status=0 where Filename='20190114102149/MovementSubLog_20190114102149.log' and IP = '192.168.1.235' and Port = 21286  
         Error : You have an error in your SQL syntax; check the manual that corresponds to your MySQL server version for the right syntax to use near 'repalce into LogHistory set Status=0 where Filename='20190114102149/MovementSubL' at line 1 
[-1213740224][20190114102149][LE] Log Error Query Error repalce into LogHistory set Status=0 where Filename='20190114102149/MovementSubLog_20190114102149.log' and IP = '192.168.1.235' and Port = 21286 
[-1213736576][20190114102149] [I] s_item DB Load... Success
[-1213736576][20190114102149] [I] s_ItemEffectiveData DB Load...
[-1213736576][20190114102149] [I] s_ItemEffectiveData DB Load... Success
[-1213736576][20190114102149] [I] S_MONSTER DB Load...
[-1213736576][20190114102150] [I] S_LvUserInfo DB Load...
[-1213736576][20190114102150][W] Number of S_LvUserInfo record is NOT equal to MAX_LEVEL.
[-1213736576][20190114102150][E] iLevel is out of bound.
[-1213736576][20190114102150][E] iLevel is out of bound.
[-1213736576][20190114102150][E] iLevel is out of bound.
[-1213736576][20190114102150][E] iLevel is out of bound.
[-1213736576][20190114102150][E] iLevel is out of bound.
[-1213736576][20190114102150][E] iLevel is out of bound.
[-1213736576][20190114102150][E] iLevel is out of bound.
[-1213736576][20190114102150][E] iLevel is out of bound.
[-1213736576][20190114102150][E] iLevel is out of bound.
[-1213736576][20190114102150][E] iLevel is out of bound.
[-1213736576][20190114102150][E] iLevel is out of bound.
[-1213736576][20190114102150][E] iLevel is out of bound.
[-1213736576][20190114102150][E] iLevel is out of bound.
[-1213736576][20190114102150][E] iLevel is out of bound.
[-1213736576][20190114102150][E] iLevel is out of bound.
[-1213736576][20190114102150][E] iLevel is out of bound.
[-1213736576][20190114102150][E] iLevel is out of bound.
[-1213736576][20190114102150][E] iLevel is out of bound.
[-1213736576][20190114102150][E] iLevel is out of bound.
[-1213736576][20190114102150][E] iLevel is out of bound.
[-1213736576][20190114102150][E] iLevel is out of bound.
[-1213736576][20190114102150][E] iLevel is out of bound.
[-1213736576][20190114102150][E] iLevel is out of bound.
[-1213736576][20190114102150][E] iLevel is out of bound.
[-1213736576][20190114102150][E] iLevel is out of bound.
[-1213736576][20190114102150] [I] S_LvMonInfo DB Load...
[-1213736576][20190114102150][E] iLevel is out of bound.
[-1213736576][20190114102150][E] iLevel is out of bound.
[-1213736576][20190114102150][E] iLevel is out of bound.
[-1213736576][20190114102150][E] iLevel is out of bound.
[-1213736576][20190114102150][E] iLevel is out of bound.
[-1213736576][20190114102150][E] iLevel is out of bound.
[-1213736576][20190114102150][E] iLevel is out of bound.
[-1213736576][20190114102150][E] iLevel is out of bound.
[-1213736576][20190114102150][E] iLevel is out of bound.
[-1213736576][20190114102150][E] iLevel is out of bound.
[-1213736576][20190114102150][E] iLevel is out of bound.
[-1213736576][20190114102150][E] iLevel is out of bound.
[-1213736576][20190114102150][E] iLevel is out of bound.
[-1213736576][20190114102150][E] iLevel is out of bound.
[-1213736576][20190114102150][E] iLevel is out of bound.
[-1213736576][20190114102150][E] iLevel is out of bound.
[-1213736576][20190114102150][E] iLevel is out of bound.
[-1213736576][20190114102150][E] iLevel is out of bound.
[-1213736576][20190114102150][E] iLevel is out of bound.
[-1213736576][20190114102150][E] iLevel is out of bound.
[-1213736576][20190114102150][E] iLevel is out of bound.
[-1213736576][20190114102150][E] iLevel is out of bound.
[-1213736576][20190114102150][E] iLevel is out of bound.
[-1213736576][20190114102150][E] iLevel is out of bound.
[-1213736576][20190114102150][E] iLevel is out of bound.
[-1213736576][20190114102150] [I] s_PartyExpRate DB Load...
[-1213736576][20190114102150] [I] s_PartyPenaltyRate DB Load...
[-1213736576][20190114102150] [I] S_Zone DB Load...
[-1213736576][20190114102150] [I] Connect to GAMEDB Successfully...
