[-1213728384][20181127094926] [I] Connect to GAMEDB Successfully...
[-1213728384][20181127094926] [I] s_item DB Load...
[-1213732032][20181127094926] [E] Fail to Query 
        Sql : insert into LogHistory values('192.168.1.235',21286,'20181127094926/ObjectLog_20181127094926.log',1, 1,FROM_UNIXTIME(1543319366),0,0) 
         Error : Incorrect datetime value: '0' for column 'EndTime' at row 1 
[-1213732032][20181127094926][LE] Log Query Error insert into LogHistory values('192.168.1.235',21286,'20181127094926/ObjectLog_20181127094926.log',1, 1,FROM_UNIXTIME(1543319366),0,0)
[-1213732032][20181127094926] [E] Fail to Query 
        Sql : repalce into LogHistory set Status=0 where Filename='20181127094926/ObjectLog_20181127094926.log' and IP = '192.168.1.235' and Port = 21286  
         Error : You have an error in your SQL syntax; check the manual that corresponds to your MySQL server version for the right syntax to use near 'repalce into LogHistory set Status=0 where Filename='20181127094926/ObjectLog_20' at line 1 
[-1213732032][20181127094926][LE] Log Error Query Error repalce into LogHistory set Status=0 where Filename='20181127094926/ObjectLog_20181127094926.log' and IP = '192.168.1.235' and Port = 21286 
[-1213732032][20181127094926] [E] Fail to Query 
        Sql : insert into LogHistory values('192.168.1.235',21286,'20181127094926/ObjectSubLog_20181127094926.log',2, 1,FROM_UNIXTIME(1543319366),0,0) 
         Error : Incorrect datetime value: '0' for column 'EndTime' at row 1 
[-1213732032][20181127094926][LE] Log Query Error insert into LogHistory values('192.168.1.235',21286,'20181127094926/ObjectSubLog_20181127094926.log',2, 1,FROM_UNIXTIME(1543319366),0,0)
[-1213732032][20181127094926] [E] Fail to Query 
        Sql : repalce into LogHistory set Status=0 where Filename='20181127094926/ObjectSubLog_20181127094926.log' and IP = '192.168.1.235' and Port = 21286  
         Error : You have an error in your SQL syntax; check the manual that corresponds to your MySQL server version for the right syntax to use near 'repalce into LogHistory set Status=0 where Filename='20181127094926/ObjectSubLog' at line 1 
[-1213732032][20181127094926][LE] Log Error Query Error repalce into LogHistory set Status=0 where Filename='20181127094926/ObjectSubLog_20181127094926.log' and IP = '192.168.1.235' and Port = 21286 
[-1213732032][20181127094926] [E] Fail to Query 
        Sql : insert into LogHistory values('192.168.1.235',21286,'20181127094926/MovementLog_20181127094926.log',3, 1,FROM_UNIXTIME(1543319366),0,0) 
         Error : Incorrect datetime value: '0' for column 'EndTime' at row 1 
[-1213732032][20181127094926][LE] Log Query Error insert into LogHistory values('192.168.1.235',21286,'20181127094926/MovementLog_20181127094926.log',3, 1,FROM_UNIXTIME(1543319366),0,0)
[-1213732032][20181127094926] [E] Fail to Query 
        Sql : repalce into LogHistory set Status=0 where Filename='20181127094926/MovementLog_20181127094926.log' and IP = '192.168.1.235' and Port = 21286  
         Error : You have an error in your SQL syntax; check the manual that corresponds to your MySQL server version for the right syntax to use near 'repalce into LogHistory set Status=0 where Filename='20181127094926/MovementLog_' at line 1 
[-1213732032][20181127094926][LE] Log Error Query Error repalce into LogHistory set Status=0 where Filename='20181127094926/MovementLog_20181127094926.log' and IP = '192.168.1.235' and Port = 21286 
[-1213732032][20181127094926] [E] Fail to Query 
        Sql : insert into LogHistory values('192.168.1.235',21286,'20181127094926/MovementSubLog_20181127094926.log',4, 1,FROM_UNIXTIME(1543319366),0,0) 
         Error : Incorrect datetime value: '0' for column 'EndTime' at row 1 
[-1213732032][20181127094926][LE] Log Query Error insert into LogHistory values('192.168.1.235',21286,'20181127094926/MovementSubLog_20181127094926.log',4, 1,FROM_UNIXTIME(1543319366),0,0)
[-1213732032][20181127094926] [E] Fail to Query 
        Sql : repalce into LogHistory set Status=0 where Filename='20181127094926/MovementSubLog_20181127094926.log' and IP = '192.168.1.235' and Port = 21286  
         Error : You have an error in your SQL syntax; check the manual that corresponds to your MySQL server version for the right syntax to use near 'repalce into LogHistory set Status=0 where Filename='20181127094926/MovementSubL' at line 1 
[-1213732032][20181127094926][LE] Log Error Query Error repalce into LogHistory set Status=0 where Filename='20181127094926/MovementSubLog_20181127094926.log' and IP = '192.168.1.235' and Port = 21286 
[-1213728384][20181127094926] [I] s_item DB Load... Success
[-1213728384][20181127094926] [I] s_ItemEffectiveData DB Load...
[-1213728384][20181127094926] [I] s_ItemEffectiveData DB Load... Success
[-1213728384][20181127094926] [I] S_MONSTER DB Load...
[-1213728384][20181127094926] [I] S_LvUserInfo DB Load...
[-1213728384][20181127094926][W] Number of S_LvUserInfo record is NOT equal to MAX_LEVEL.
[-1213728384][20181127094926][E] iLevel is out of bound.
[-1213728384][20181127094926][E] iLevel is out of bound.
[-1213728384][20181127094926][E] iLevel is out of bound.
[-1213728384][20181127094926][E] iLevel is out of bound.
[-1213728384][20181127094926][E] iLevel is out of bound.
[-1213728384][20181127094926][E] iLevel is out of bound.
[-1213728384][20181127094926][E] iLevel is out of bound.
[-1213728384][20181127094926][E] iLevel is out of bound.
[-1213728384][20181127094926][E] iLevel is out of bound.
[-1213728384][20181127094926][E] iLevel is out of bound.
[-1213728384][20181127094926][E] iLevel is out of bound.
[-1213728384][20181127094926][E] iLevel is out of bound.
[-1213728384][20181127094926][E] iLevel is out of bound.
[-1213728384][20181127094926][E] iLevel is out of bound.
[-1213728384][20181127094926][E] iLevel is out of bound.
[-1213728384][20181127094926][E] iLevel is out of bound.
[-1213728384][20181127094926][E] iLevel is out of bound.
[-1213728384][20181127094926][E] iLevel is out of bound.
[-1213728384][20181127094926][E] iLevel is out of bound.
[-1213728384][20181127094926][E] iLevel is out of bound.
[-1213728384][20181127094926][E] iLevel is out of bound.
[-1213728384][20181127094926][E] iLevel is out of bound.
[-1213728384][20181127094926][E] iLevel is out of bound.
[-1213728384][20181127094926][E] iLevel is out of bound.
[-1213728384][20181127094926][E] iLevel is out of bound.
[-1213728384][20181127094926] [I] S_LvMonInfo DB Load...
[-1213728384][20181127094926][E] iLevel is out of bound.
[-1213728384][20181127094926][E] iLevel is out of bound.
[-1213728384][20181127094926][E] iLevel is out of bound.
[-1213728384][20181127094926][E] iLevel is out of bound.
[-1213728384][20181127094926][E] iLevel is out of bound.
[-1213728384][20181127094926][E] iLevel is out of bound.
[-1213728384][20181127094926][E] iLevel is out of bound.
[-1213728384][20181127094926][E] iLevel is out of bound.
[-1213728384][20181127094926][E] iLevel is out of bound.
[-1213728384][20181127094926][E] iLevel is out of bound.
[-1213728384][20181127094926][E] iLevel is out of bound.
[-1213728384][20181127094926][E] iLevel is out of bound.
[-1213728384][20181127094926][E] iLevel is out of bound.
[-1213728384][20181127094926][E] iLevel is out of bound.
[-1213728384][20181127094926][E] iLevel is out of bound.
[-1213728384][20181127094926][E] iLevel is out of bound.
[-1213728384][20181127094926][E] iLevel is out of bound.
[-1213728384][20181127094926][E] iLevel is out of bound.
[-1213728384][20181127094926][E] iLevel is out of bound.
[-1213728384][20181127094926][E] iLevel is out of bound.
[-1213728384][20181127094926][E] iLevel is out of bound.
[-1213728384][20181127094926][E] iLevel is out of bound.
[-1213728384][20181127094926][E] iLevel is out of bound.
[-1213728384][20181127094926][E] iLevel is out of bound.
[-1213728384][20181127094926][E] iLevel is out of bound.
[-1213728384][20181127094926] [I] s_PartyExpRate DB Load...
[-1213728384][20181127094926] [I] s_PartyPenaltyRate DB Load...
[-1213728384][20181127094926] [I] S_Zone DB Load...
[-1213728384][20181127094926] [I] Connect to GAMEDB Successfully...
