[-1213240960][20181126153215] [I] Connect to GAMEDB Successfully...
[-1213240960][20181126153215] [I] s_item DB Load...
[-1213244608][20181126153215] [E] Fail to Query 
        Sql : insert into LogHistory values('192.168.1.235',21286,'20181126153215/ObjectLog_20181126153215.log',1, 1,FROM_UNIXTIME(1543253535),0,0) 
         Error : Incorrect datetime value: '0' for column 'EndTime' at row 1 
[-1213244608][20181126153215][LE] Log Query Error insert into LogHistory values('192.168.1.235',21286,'20181126153215/ObjectLog_20181126153215.log',1, 1,FROM_UNIXTIME(1543253535),0,0)
[-1213244608][20181126153215] [E] Fail to Query 
        Sql : repalce into LogHistory set Status=0 where Filename='20181126153215/ObjectLog_20181126153215.log' and IP = '192.168.1.235' and Port = 21286  
         Error : You have an error in your SQL syntax; check the manual that corresponds to your MySQL server version for the right syntax to use near 'repalce into LogHistory set Status=0 where Filename='20181126153215/ObjectLog_20' at line 1 
[-1213244608][20181126153215][LE] Log Error Query Error repalce into LogHistory set Status=0 where Filename='20181126153215/ObjectLog_20181126153215.log' and IP = '192.168.1.235' and Port = 21286 
[-1213244608][20181126153215] [E] Fail to Query 
        Sql : insert into LogHistory values('192.168.1.235',21286,'20181126153215/ObjectSubLog_20181126153215.log',2, 1,FROM_UNIXTIME(1543253535),0,0) 
         Error : Incorrect datetime value: '0' for column 'EndTime' at row 1 
[-1213244608][20181126153215][LE] Log Query Error insert into LogHistory values('192.168.1.235',21286,'20181126153215/ObjectSubLog_20181126153215.log',2, 1,FROM_UNIXTIME(1543253535),0,0)
[-1213244608][20181126153215] [E] Fail to Query 
        Sql : repalce into LogHistory set Status=0 where Filename='20181126153215/ObjectSubLog_20181126153215.log' and IP = '192.168.1.235' and Port = 21286  
         Error : You have an error in your SQL syntax; check the manual that corresponds to your MySQL server version for the right syntax to use near 'repalce into LogHistory set Status=0 where Filename='20181126153215/ObjectSubLog' at line 1 
[-1213244608][20181126153215][LE] Log Error Query Error repalce into LogHistory set Status=0 where Filename='20181126153215/ObjectSubLog_20181126153215.log' and IP = '192.168.1.235' and Port = 21286 
[-1213244608][20181126153215] [E] Fail to Query 
        Sql : insert into LogHistory values('192.168.1.235',21286,'20181126153215/MovementLog_20181126153215.log',3, 1,FROM_UNIXTIME(1543253535),0,0) 
         Error : Incorrect datetime value: '0' for column 'EndTime' at row 1 
[-1213244608][20181126153215][LE] Log Query Error insert into LogHistory values('192.168.1.235',21286,'20181126153215/MovementLog_20181126153215.log',3, 1,FROM_UNIXTIME(1543253535),0,0)
[-1213244608][20181126153215] [E] Fail to Query 
        Sql : repalce into LogHistory set Status=0 where Filename='20181126153215/MovementLog_20181126153215.log' and IP = '192.168.1.235' and Port = 21286  
         Error : You have an error in your SQL syntax; check the manual that corresponds to your MySQL server version for the right syntax to use near 'repalce into LogHistory set Status=0 where Filename='20181126153215/MovementLog_' at line 1 
[-1213244608][20181126153215][LE] Log Error Query Error repalce into LogHistory set Status=0 where Filename='20181126153215/MovementLog_20181126153215.log' and IP = '192.168.1.235' and Port = 21286 
[-1213244608][20181126153215] [E] Fail to Query 
        Sql : insert into LogHistory values('192.168.1.235',21286,'20181126153215/MovementSubLog_20181126153215.log',4, 1,FROM_UNIXTIME(1543253535),0,0) 
         Error : Incorrect datetime value: '0' for column 'EndTime' at row 1 
[-1213244608][20181126153215][LE] Log Query Error insert into LogHistory values('192.168.1.235',21286,'20181126153215/MovementSubLog_20181126153215.log',4, 1,FROM_UNIXTIME(1543253535),0,0)
[-1213244608][20181126153215] [E] Fail to Query 
        Sql : repalce into LogHistory set Status=0 where Filename='20181126153215/MovementSubLog_20181126153215.log' and IP = '192.168.1.235' and Port = 21286  
         Error : You have an error in your SQL syntax; check the manual that corresponds to your MySQL server version for the right syntax to use near 'repalce into LogHistory set Status=0 where Filename='20181126153215/MovementSubL' at line 1 
[-1213244608][20181126153215][LE] Log Error Query Error repalce into LogHistory set Status=0 where Filename='20181126153215/MovementSubLog_20181126153215.log' and IP = '192.168.1.235' and Port = 21286 
[-1213240960][20181126153215] [I] s_item DB Load... Success
[-1213240960][20181126153215] [I] s_ItemEffectiveData DB Load...
[-1213240960][20181126153215] [I] s_ItemEffectiveData DB Load... Success
[-1213240960][20181126153215] [I] S_MONSTER DB Load...
[-1213240960][20181126153215] [I] S_LvUserInfo DB Load...
[-1213240960][20181126153215][W] Number of S_LvUserInfo record is NOT equal to MAX_LEVEL.
[-1213240960][20181126153215][E] iLevel is out of bound.
[-1213240960][20181126153215][E] iLevel is out of bound.
[-1213240960][20181126153215][E] iLevel is out of bound.
[-1213240960][20181126153215][E] iLevel is out of bound.
[-1213240960][20181126153215][E] iLevel is out of bound.
[-1213240960][20181126153215][E] iLevel is out of bound.
[-1213240960][20181126153215][E] iLevel is out of bound.
[-1213240960][20181126153215][E] iLevel is out of bound.
[-1213240960][20181126153215][E] iLevel is out of bound.
[-1213240960][20181126153215][E] iLevel is out of bound.
[-1213240960][20181126153215][E] iLevel is out of bound.
[-1213240960][20181126153215][E] iLevel is out of bound.
[-1213240960][20181126153215][E] iLevel is out of bound.
[-1213240960][20181126153215][E] iLevel is out of bound.
[-1213240960][20181126153215][E] iLevel is out of bound.
[-1213240960][20181126153215][E] iLevel is out of bound.
[-1213240960][20181126153215][E] iLevel is out of bound.
[-1213240960][20181126153215][E] iLevel is out of bound.
[-1213240960][20181126153215][E] iLevel is out of bound.
[-1213240960][20181126153215][E] iLevel is out of bound.
[-1213240960][20181126153215][E] iLevel is out of bound.
[-1213240960][20181126153215][E] iLevel is out of bound.
[-1213240960][20181126153215][E] iLevel is out of bound.
[-1213240960][20181126153215][E] iLevel is out of bound.
[-1213240960][20181126153215][E] iLevel is out of bound.
[-1213240960][20181126153215] [I] S_LvMonInfo DB Load...
[-1213240960][20181126153215][E] iLevel is out of bound.
[-1213240960][20181126153215][E] iLevel is out of bound.
[-1213240960][20181126153215][E] iLevel is out of bound.
[-1213240960][20181126153215][E] iLevel is out of bound.
[-1213240960][20181126153215][E] iLevel is out of bound.
[-1213240960][20181126153215][E] iLevel is out of bound.
[-1213240960][20181126153215][E] iLevel is out of bound.
[-1213240960][20181126153215][E] iLevel is out of bound.
[-1213240960][20181126153215][E] iLevel is out of bound.
[-1213240960][20181126153215][E] iLevel is out of bound.
[-1213240960][20181126153215][E] iLevel is out of bound.
[-1213240960][20181126153215][E] iLevel is out of bound.
[-1213240960][20181126153215][E] iLevel is out of bound.
[-1213240960][20181126153215][E] iLevel is out of bound.
[-1213240960][20181126153215][E] iLevel is out of bound.
[-1213240960][20181126153215][E] iLevel is out of bound.
[-1213240960][20181126153215][E] iLevel is out of bound.
[-1213240960][20181126153215][E] iLevel is out of bound.
[-1213240960][20181126153215][E] iLevel is out of bound.
[-1213240960][20181126153215][E] iLevel is out of bound.
[-1213240960][20181126153215][E] iLevel is out of bound.
[-1213240960][20181126153215][E] iLevel is out of bound.
[-1213240960][20181126153215][E] iLevel is out of bound.
[-1213240960][20181126153215][E] iLevel is out of bound.
[-1213240960][20181126153215][E] iLevel is out of bound.
[-1213240960][20181126153215] [I] s_PartyExpRate DB Load...
[-1213240960][20181126153215] [I] s_PartyPenaltyRate DB Load...
[-1213240960][20181126153215] [I] S_Zone DB Load...
[-1213240960][20181126153215] [I] Connect to GAMEDB Successfully...
