[-1214097024][20181127180712] [I] Connect to GAMEDB Successfully...
[-1214097024][20181127180712] [I] s_item DB Load...
[-1214100672][20181127180712] [E] Fail to Query 
        Sql : insert into LogHistory values('192.168.1.235',21286,'20181127180712/ObjectLog_20181127180712.log',1, 1,FROM_UNIXTIME(1543349232),0,0) 
         Error : Incorrect datetime value: '0' for column 'EndTime' at row 1 
[-1214100672][20181127180712][LE] Log Query Error insert into LogHistory values('192.168.1.235',21286,'20181127180712/ObjectLog_20181127180712.log',1, 1,FROM_UNIXTIME(1543349232),0,0)
[-1214100672][20181127180712] [E] Fail to Query 
        Sql : repalce into LogHistory set Status=0 where Filename='20181127180712/ObjectLog_20181127180712.log' and IP = '192.168.1.235' and Port = 21286  
         Error : You have an error in your SQL syntax; check the manual that corresponds to your MySQL server version for the right syntax to use near 'repalce into LogHistory set Status=0 where Filename='20181127180712/ObjectLog_20' at line 1 
[-1214100672][20181127180712][LE] Log Error Query Error repalce into LogHistory set Status=0 where Filename='20181127180712/ObjectLog_20181127180712.log' and IP = '192.168.1.235' and Port = 21286 
[-1214100672][20181127180712] [E] Fail to Query 
        Sql : insert into LogHistory values('192.168.1.235',21286,'20181127180712/ObjectSubLog_20181127180712.log',2, 1,FROM_UNIXTIME(1543349232),0,0) 
         Error : Incorrect datetime value: '0' for column 'EndTime' at row 1 
[-1214100672][20181127180712][LE] Log Query Error insert into LogHistory values('192.168.1.235',21286,'20181127180712/ObjectSubLog_20181127180712.log',2, 1,FROM_UNIXTIME(1543349232),0,0)
[-1214100672][20181127180712] [E] Fail to Query 
        Sql : repalce into LogHistory set Status=0 where Filename='20181127180712/ObjectSubLog_20181127180712.log' and IP = '192.168.1.235' and Port = 21286  
         Error : You have an error in your SQL syntax; check the manual that corresponds to your MySQL server version for the right syntax to use near 'repalce into LogHistory set Status=0 where Filename='20181127180712/ObjectSubLog' at line 1 
[-1214100672][20181127180712][LE] Log Error Query Error repalce into LogHistory set Status=0 where Filename='20181127180712/ObjectSubLog_20181127180712.log' and IP = '192.168.1.235' and Port = 21286 
[-1214100672][20181127180712] [E] Fail to Query 
        Sql : insert into LogHistory values('192.168.1.235',21286,'20181127180712/MovementLog_20181127180712.log',3, 1,FROM_UNIXTIME(1543349232),0,0) 
         Error : Incorrect datetime value: '0' for column 'EndTime' at row 1 
[-1214100672][20181127180712][LE] Log Query Error insert into LogHistory values('192.168.1.235',21286,'20181127180712/MovementLog_20181127180712.log',3, 1,FROM_UNIXTIME(1543349232),0,0)
[-1214100672][20181127180712] [E] Fail to Query 
        Sql : repalce into LogHistory set Status=0 where Filename='20181127180712/MovementLog_20181127180712.log' and IP = '192.168.1.235' and Port = 21286  
         Error : You have an error in your SQL syntax; check the manual that corresponds to your MySQL server version for the right syntax to use near 'repalce into LogHistory set Status=0 where Filename='20181127180712/MovementLog_' at line 1 
[-1214100672][20181127180712][LE] Log Error Query Error repalce into LogHistory set Status=0 where Filename='20181127180712/MovementLog_20181127180712.log' and IP = '192.168.1.235' and Port = 21286 
[-1214100672][20181127180712] [E] Fail to Query 
        Sql : insert into LogHistory values('192.168.1.235',21286,'20181127180712/MovementSubLog_20181127180712.log',4, 1,FROM_UNIXTIME(1543349232),0,0) 
         Error : Incorrect datetime value: '0' for column 'EndTime' at row 1 
[-1214100672][20181127180712][LE] Log Query Error insert into LogHistory values('192.168.1.235',21286,'20181127180712/MovementSubLog_20181127180712.log',4, 1,FROM_UNIXTIME(1543349232),0,0)
[-1214100672][20181127180712] [E] Fail to Query 
        Sql : repalce into LogHistory set Status=0 where Filename='20181127180712/MovementSubLog_20181127180712.log' and IP = '192.168.1.235' and Port = 21286  
         Error : You have an error in your SQL syntax; check the manual that corresponds to your MySQL server version for the right syntax to use near 'repalce into LogHistory set Status=0 where Filename='20181127180712/MovementSubL' at line 1 
[-1214100672][20181127180712][LE] Log Error Query Error repalce into LogHistory set Status=0 where Filename='20181127180712/MovementSubLog_20181127180712.log' and IP = '192.168.1.235' and Port = 21286 
[-1214097024][20181127180712] [I] s_item DB Load... Success
[-1214097024][20181127180712] [I] s_ItemEffectiveData DB Load...
[-1214097024][20181127180712] [I] s_ItemEffectiveData DB Load... Success
[-1214097024][20181127180712] [I] S_MONSTER DB Load...
[-1214097024][20181127180712] [I] S_LvUserInfo DB Load...
[-1214097024][20181127180712][W] Number of S_LvUserInfo record is NOT equal to MAX_LEVEL.
[-1214097024][20181127180712][E] iLevel is out of bound.
[-1214097024][20181127180712][E] iLevel is out of bound.
[-1214097024][20181127180712][E] iLevel is out of bound.
[-1214097024][20181127180712][E] iLevel is out of bound.
[-1214097024][20181127180712][E] iLevel is out of bound.
[-1214097024][20181127180712][E] iLevel is out of bound.
[-1214097024][20181127180712][E] iLevel is out of bound.
[-1214097024][20181127180712][E] iLevel is out of bound.
[-1214097024][20181127180712][E] iLevel is out of bound.
[-1214097024][20181127180712][E] iLevel is out of bound.
[-1214097024][20181127180712][E] iLevel is out of bound.
[-1214097024][20181127180712][E] iLevel is out of bound.
[-1214097024][20181127180712][E] iLevel is out of bound.
[-1214097024][20181127180712][E] iLevel is out of bound.
[-1214097024][20181127180712][E] iLevel is out of bound.
[-1214097024][20181127180712][E] iLevel is out of bound.
[-1214097024][20181127180712][E] iLevel is out of bound.
[-1214097024][20181127180712][E] iLevel is out of bound.
[-1214097024][20181127180712][E] iLevel is out of bound.
[-1214097024][20181127180712][E] iLevel is out of bound.
[-1214097024][20181127180712][E] iLevel is out of bound.
[-1214097024][20181127180712][E] iLevel is out of bound.
[-1214097024][20181127180712][E] iLevel is out of bound.
[-1214097024][20181127180712][E] iLevel is out of bound.
[-1214097024][20181127180712][E] iLevel is out of bound.
[-1214097024][20181127180712] [I] S_LvMonInfo DB Load...
[-1214097024][20181127180712][E] iLevel is out of bound.
[-1214097024][20181127180712][E] iLevel is out of bound.
[-1214097024][20181127180712][E] iLevel is out of bound.
[-1214097024][20181127180712][E] iLevel is out of bound.
[-1214097024][20181127180712][E] iLevel is out of bound.
[-1214097024][20181127180712][E] iLevel is out of bound.
[-1214097024][20181127180712][E] iLevel is out of bound.
[-1214097024][20181127180712][E] iLevel is out of bound.
[-1214097024][20181127180712][E] iLevel is out of bound.
[-1214097024][20181127180712][E] iLevel is out of bound.
[-1214097024][20181127180712][E] iLevel is out of bound.
[-1214097024][20181127180712][E] iLevel is out of bound.
[-1214097024][20181127180712][E] iLevel is out of bound.
[-1214097024][20181127180712][E] iLevel is out of bound.
[-1214097024][20181127180712][E] iLevel is out of bound.
[-1214097024][20181127180712][E] iLevel is out of bound.
[-1214097024][20181127180712][E] iLevel is out of bound.
[-1214097024][20181127180712][E] iLevel is out of bound.
[-1214097024][20181127180712][E] iLevel is out of bound.
[-1214097024][20181127180712][E] iLevel is out of bound.
[-1214097024][20181127180712][E] iLevel is out of bound.
[-1214097024][20181127180712][E] iLevel is out of bound.
[-1214097024][20181127180712][E] iLevel is out of bound.
[-1214097024][20181127180712][E] iLevel is out of bound.
[-1214097024][20181127180712][E] iLevel is out of bound.
[-1214097024][20181127180712] [I] s_PartyExpRate DB Load...
[-1214097024][20181127180712] [I] s_PartyPenaltyRate DB Load...
[-1214097024][20181127180712] [I] S_Zone DB Load...
